str@strailsas.com 19.9.2017 11:24:26 cifxConfig.bleerArchCargaPrtros: Cargando archivo configuracion: appbots.conf
str@strailsas.com 19.9.2017 11:24:26 ______________________________________________________________________________
str@strailsas.com 19.9.2017 11:24:26 AppBots.main(): INICIANDO appBots en el Puerto: 3101
str@strailsas.com 19.9.2017 11:24:26 ______________________________________________________________________________
str@strailsas.com 19.9.2017 11:24:26 AppBots.Rangos: --------------------------------------------------------------
str@strailsas.com 19.9.2017 11:24:26 AppBots.Rangos: INICIO HUELLAS: 52501
str@strailsas.com 19.9.2017 11:24:26 AppBots.Rangos: FINAL HUELLAS: 105000
str@strailsas.com 19.9.2017 11:24:26 AppBots.Rangos: --------------------------------------------------------------
str@strailsas.com 19.9.2017 11:24:26 AppBots.Rangos: INICIO ROSTROS: 301
str@strailsas.com 19.9.2017 11:24:26 AppBots.Rangos: FINAL ROSTROS: 600
str@strailsas.com 19.9.2017 11:24:26 AppBots.Rangos: --------------------------------------------------------------
str@strailsas.com 19.9.2017 11:24:26 ______________________________________________________________________________
str@strailsas.com 19.9.2017 11:24:26 AppBots.Licenciamiento: Cargando Licencias de <ROSTRO>: 3101
str@strailsas.com 19.9.2017 11:24:26 saOspeedMatch.reiniciaLicencias(): Reiniciando Licencias
str@strailsas.com 19.9.2017 11:24:26 saOspeedMatch.borrarLicencia(): Borrando Licencias (FacesMatcher) 
str@strailsas.com 19.9.2017 11:24:26 saOspeedMatch.cargarLicencia(): Cargando Licencia (FacesMatcher) 
str@strailsas.com 19.9.2017 11:24:28 saOspeedMatch.cargarLicencia(): (FacesMatcher) (ERROR 4) No puedo obtener las licencias  (SingleComputerLicense:VLMatcher)
str@strailsas.com 19.9.2017 11:24:28 cifxConfig.bleerArchCargaPrtros: Cargando archivo configuracion: appbots.conf
str@strailsas.com 19.9.2017 11:24:28 TURBO ACTIVADO!!!!
str@strailsas.com 19.9.2017 11:24:28 saSpeedMatch.saSpeedMatch(): NUM REGISTROS POR HILO(ROSTRO): 100
str@strailsas.com 19.9.2017 11:24:28 saSpeedMatch.saSpeedMatch(): NUM HILOS: (ROSTRO)3
str@strailsas.com 19.9.2017 11:24:28 saOspeedMatch.inicializarMatcher(): CARGANDO MATCHER
str@strailsas.com 19.9.2017 11:24:28 saOspeedMatch.inicializarMatcher(): MATCHER CARGADA (OK)
str@strailsas.com 19.9.2017 11:24:28 cifxConfig.bleerArchCargaPrtros: Cargando archivo configuracion: appbots.conf
str@strailsas.com 19.9.2017 11:24:28 (ROSTRO) RecordDB.cargaParametrosConf(): INICIO CARGA DE PARAMETROS
str@strailsas.com 19.9.2017 11:24:28 (ROSTRO) RecordDB.cargaParametrosConf(): FIN CARGA DE PARAMETROS
str@strailsas.com 19.9.2017 11:24:28 (ROSTRO)RecordDB(): CARGANDO BIOMETRIAS ... INICIANDO EN:301
str@strailsas.com 19.9.2017 11:24:29 saOspeedMatch.inicializarMatcher(): CARGANDO MATCHER
str@strailsas.com 19.9.2017 11:24:29 saOspeedMatch.inicializarMatcher(): MATCHER CARGADA (OK)
str@strailsas.com 19.9.2017 11:24:29 saOspeedMatch.inicializarMatcher(): CARGANDO MATCHER
str@strailsas.com 19.9.2017 11:24:29 saOspeedMatch.inicializarMatcher(): MATCHER CARGADA (OK)
str@strailsas.com 19.9.2017 11:24:29 (ROSTRO)RecordDB(): 
BIOMETRIAS CARGADAS ... HASTA:300
str@strailsas.com 19.9.2017 11:24:29 (ROSTRO)RecordDB(): BIOMETRIAS CARGADAS + INICIO ... TOTAL:601
str@strailsas.com 19.9.2017 11:24:29 (ROSTRO)RecordDB(): BIOMETRIAS ESPERADAS:600
str@strailsas.com 19.9.2017 11:24:29 ______________________________________________________________________________
str@strailsas.com 19.9.2017 11:24:29 ______________________________________________________________________________
str@strailsas.com 19.9.2017 11:24:29 AppBots.Licenciamiento: Cargando Licencias de <HUELLA>: 
str@strailsas.com 19.9.2017 11:24:29 saOspeedMatch.reiniciaLicencias(): Reiniciando Licencias
str@strailsas.com 19.9.2017 11:24:29 saOspeedMatch.borrarLicencia(): Borrando Licencias (FingersMatcher) 
str@strailsas.com 19.9.2017 11:24:29 saOspeedMatch.cargarLicencia(): Cargando Licencia (FingersMatcher) 
str@strailsas.com 19.9.2017 11:24:37 saOspeedMatch.cargarLicencia(): (FingersMatcher) (ERROR 4) No puedo obtener las licencias  (SingleComputerLicense:VFMatcher)
str@strailsas.com 19.9.2017 11:24:37 cifxConfig.bleerArchCargaPrtros: Cargando archivo configuracion: appbots.conf
str@strailsas.com 19.9.2017 11:24:37 TURBO ACTIVADO!!!!
str@strailsas.com 19.9.2017 11:24:37 saSpeedMatch.saSpeedMatch(): NUM REGISTROS POR HILO (HUELLA): 3500
str@strailsas.com 19.9.2017 11:24:37 saSpeedMatch.saSpeedMatch(): NUM HILOS (HUELLA): 15
str@strailsas.com 19.9.2017 11:24:37 saOspeedMatch.inicializarMatcher(): CARGANDO MATCHER
str@strailsas.com 19.9.2017 11:24:38 saOspeedMatch.inicializarMatcher(): MATCHER CARGADA (OK)
str@strailsas.com 19.9.2017 11:24:38 cifxConfig.bleerArchCargaPrtros: Cargando archivo configuracion: appbots.conf
str@strailsas.com 19.9.2017 11:24:38 (HUELLA) RecordDB.cargaParametrosConf(): INICIO CARGA DE PARAMETROS
str@strailsas.com 19.9.2017 11:24:38 (HUELLA) RecordDB.cargaParametrosConf(): FIN CARGA DE PARAMETROS
str@strailsas.com 19.9.2017 11:24:38 (HUELLA)RecordDB(): CARGANDO BIOMETRIAS ... INICIANDO EN:52501
str@strailsas.com 19.9.2017 11:24:38 saOspeedMatch.inicializarMatcher(): CARGANDO MATCHER
str@strailsas.com 19.9.2017 11:24:38 saOspeedMatch.inicializarMatcher(): MATCHER CARGADA (OK)
str@strailsas.com 19.9.2017 11:24:39 saOspeedMatch.inicializarMatcher(): CARGANDO MATCHER
str@strailsas.com 19.9.2017 11:24:39 saOspeedMatch.inicializarMatcher(): MATCHER CARGADA (OK)
str@strailsas.com 19.9.2017 11:24:46 saOspeedMatch.inicializarMatcher(): CARGANDO MATCHER
str@strailsas.com 19.9.2017 11:24:46 saOspeedMatch.inicializarMatcher(): MATCHER CARGADA (OK)
str@strailsas.com 19.9.2017 11:24:56 saOspeedMatch.inicializarMatcher(): CARGANDO MATCHER
str@strailsas.com 19.9.2017 11:24:56 saOspeedMatch.inicializarMatcher(): MATCHER CARGADA (OK)
str@strailsas.com 19.9.2017 11:25:6 saOspeedMatch.inicializarMatcher(): CARGANDO MATCHER
str@strailsas.com 19.9.2017 11:25:6 saOspeedMatch.inicializarMatcher(): MATCHER CARGADA (OK)
str@strailsas.com 19.9.2017 11:25:18 saOspeedMatch.inicializarMatcher(): CARGANDO MATCHER
str@strailsas.com 19.9.2017 11:25:18 saOspeedMatch.inicializarMatcher(): MATCHER CARGADA (OK)
str@strailsas.com 19.9.2017 11:25:30 saOspeedMatch.inicializarMatcher(): CARGANDO MATCHER
str@strailsas.com 19.9.2017 11:25:31 saOspeedMatch.inicializarMatcher(): MATCHER CARGADA (OK)
str@strailsas.com 19.9.2017 11:25:39 saOspeedMatch.inicializarMatcher(): CARGANDO MATCHER
str@strailsas.com 19.9.2017 11:25:39 saOspeedMatch.inicializarMatcher(): ERROR : Out of memory
str@strailsas.com 19.9.2017 11:25:46 saOspeedMatch.inicializarMatcher(): CARGANDO MATCHER
str@strailsas.com 19.9.2017 11:25:46 saOspeedMatch.inicializarMatcher(): ERROR : Out of memory
str@strailsas.com 19.9.2017 11:25:52 saOspeedMatch.inicializarMatcher(): CARGANDO MATCHER
str@strailsas.com 19.9.2017 11:25:52 saOspeedMatch.inicializarMatcher(): ERROR : Out of memory
str@strailsas.com 19.9.2017 11:25:58 saOspeedMatch.inicializarMatcher(): CARGANDO MATCHER
str@strailsas.com 19.9.2017 11:25:58 saOspeedMatch.inicializarMatcher(): ERROR : Out of memory
str@strailsas.com 19.9.2017 11:26:5 saOspeedMatch.inicializarMatcher(): CARGANDO MATCHER
str@strailsas.com 19.9.2017 11:26:5 saOspeedMatch.inicializarMatcher(): MATCHER CARGADA (OK)
str@strailsas.com 19.9.2017 11:26:10 saOspeedMatch.inicializarMatcher(): CARGANDO MATCHER
str@strailsas.com 19.9.2017 11:26:10 saOspeedMatch.inicializarMatcher(): MATCHER CARGADA (OK)
str@strailsas.com 19.9.2017 11:26:16 saOspeedMatch.inicializarMatcher(): CARGANDO MATCHER
str@strailsas.com 19.9.2017 11:26:16 saOspeedMatch.inicializarMatcher(): ERROR : Out of memory
str@strailsas.com 19.9.2017 11:26:22 (HUELLA)RecordDB(): 
BIOMETRIAS CARGADAS ... HASTA:52500
str@strailsas.com 19.9.2017 11:26:22 (HUELLA)RecordDB(): BIOMETRIAS CARGADAS + INICIO ... TOTAL:105001
str@strailsas.com 19.9.2017 11:26:22 (HUELLA)RecordDB(): BIOMETRIAS ESPERADAS:105000
str@strailsas.com 19.9.2017 11:26:22 BioHuella.BioHuella(): (HUELLA) ERROR 2: Out of memory
str@strailsas.com 19.9.2017 11:26:22 ______________________________________________________________________________
str@strailsas.com 19.9.2017 11:26:22 BioRostro.setMatchingTreshold(): (ROSTRO) Asignando (90) a setFaceMatchingThreshold: 
str@strailsas.com 19.9.2017 11:26:22 BioHuella.setMatchingTreshold(): (HUELLA) Asignando (90) a setFingerMatchingThreshold: 
str@strailsas.com 19.9.2017 11:26:22 ______________________________________________________________________________
str@strailsas.com 19.9.2017 11:26:22 AppBots.main: TimeOut en: 0
str@strailsas.com 19.9.2017 11:26:22 AppBots.main(): Sistema Operativo: Windows Server 2008 R2
str@strailsas.com 19.9.2017 11:26:22 ______________________________________________________________________________
str@strailsas.com 19.9.2017 11:26:22 C:\Users\fenixadmin
str@strailsas.com 19.9.2017 11:26:22 C:\Fenix\Fenix\AppBots1
str@strailsas.com 19.9.2017 11:26:22 ______________________________________________________________________________
str@strailsas.com 19.9.2017 11:26:22 AppBots.main(): SERVIDOR appBots VERSION 1.9.31b
str@strailsas.com 19.9.2017 11:26:22 AppBots.main(): SERVIDOR appBots OK
str@strailsas.com 19.9.2017 11:26:22 ______________________________________________________________________________
str@strailsas.com 19.9.2017 11:26:22 ______________________________________________________________________________
