str@strailsas.com 8.8.2017 15:45:56 cifxConfig.bleerArchCargaPrtros: Cargando archivo configuracion: appbots.conf
str@strailsas.com 8.8.2017 15:45:56 ______________________________________________________________________________
str@strailsas.com 8.8.2017 15:45:56 AppBots.main(): INICIANDO appBots en el Puerto: 3101
str@strailsas.com 8.8.2017 15:45:56 ______________________________________________________________________________
str@strailsas.com 8.8.2017 15:45:56 AppBots.Rangos: --------------------------------------------------------------
str@strailsas.com 8.8.2017 15:45:56 AppBots.Rangos: INICIO HUELLAS: 52501
str@strailsas.com 8.8.2017 15:45:56 AppBots.Rangos: FINAL HUELLAS: 105000
str@strailsas.com 8.8.2017 15:45:56 AppBots.Rangos: --------------------------------------------------------------
str@strailsas.com 8.8.2017 15:45:56 AppBots.Rangos: INICIO ROSTROS: 301
str@strailsas.com 8.8.2017 15:45:56 AppBots.Rangos: FINAL ROSTROS: 600
str@strailsas.com 8.8.2017 15:45:56 AppBots.Rangos: --------------------------------------------------------------
str@strailsas.com 8.8.2017 15:45:56 ______________________________________________________________________________
str@strailsas.com 8.8.2017 15:45:56 AppBots.Licenciamiento: Cargando Licencias de <ROSTRO>: 3101
str@strailsas.com 8.8.2017 15:45:56 saOspeedMatch.reiniciaLicencias(): Reiniciando Licencias
str@strailsas.com 8.8.2017 15:45:56 saOspeedMatch.borrarLicencia(): Borrando Licencias (FacesMatcher) 
str@strailsas.com 8.8.2017 15:45:57 saOspeedMatch.cargarLicencia(): Cargando Licencia (FacesMatcher) 
str@strailsas.com 8.8.2017 15:45:57 saOspeedMatch.cargarLicencia(): (FacesMatcher) licencias OK (SingleComputerLicense:VLMatcher)
str@strailsas.com 8.8.2017 15:45:57 cifxConfig.bleerArchCargaPrtros: Cargando archivo configuracion: appbots.conf
str@strailsas.com 8.8.2017 15:45:57 TURBO ACTIVADO!!!!
str@strailsas.com 8.8.2017 15:45:57 saSpeedMatch.saSpeedMatch(): NUM REGISTROS POR HILO(ROSTRO): 100
str@strailsas.com 8.8.2017 15:45:57 saSpeedMatch.saSpeedMatch(): NUM HILOS: (ROSTRO)3
str@strailsas.com 8.8.2017 15:45:57 saOspeedMatch.inicializarMatcher(): CARGANDO MATCHER
str@strailsas.com 8.8.2017 15:45:58 saOspeedMatch.inicializarMatcher(): MATCHER CARGADA (OK)
str@strailsas.com 8.8.2017 15:45:58 cifxConfig.bleerArchCargaPrtros: Cargando archivo configuracion: appbots.conf
str@strailsas.com 8.8.2017 15:45:58 (ROSTRO) RecordDB.cargaParametrosConf(): INICIO CARGA DE PARAMETROS
str@strailsas.com 8.8.2017 15:45:58 (ROSTRO) RecordDB.cargaParametrosConf(): FIN CARGA DE PARAMETROS
str@strailsas.com 8.8.2017 15:45:58 (ROSTRO)RecordDB(): CARGANDO BIOMETRIAS ... INICIANDO EN:301
str@strailsas.com 8.8.2017 15:45:59 saOspeedMatch.inicializarMatcher(): CARGANDO MATCHER
str@strailsas.com 8.8.2017 15:45:59 saOspeedMatch.inicializarMatcher(): MATCHER CARGADA (OK)
str@strailsas.com 8.8.2017 15:46:0 saOspeedMatch.inicializarMatcher(): CARGANDO MATCHER
str@strailsas.com 8.8.2017 15:46:0 saOspeedMatch.inicializarMatcher(): MATCHER CARGADA (OK)
str@strailsas.com 8.8.2017 15:46:0 (ROSTRO)RecordDB(): 
BIOMETRIAS CARGADAS ... HASTA:300
str@strailsas.com 8.8.2017 15:46:0 (ROSTRO)RecordDB(): BIOMETRIAS CARGADAS + INICIO ... TOTAL:601
str@strailsas.com 8.8.2017 15:46:0 (ROSTRO)RecordDB(): BIOMETRIAS ESPERADAS:600
str@strailsas.com 8.8.2017 15:46:0 ______________________________________________________________________________
str@strailsas.com 8.8.2017 15:46:0 ______________________________________________________________________________
str@strailsas.com 8.8.2017 15:46:0 AppBots.Licenciamiento: Cargando Licencias de <HUELLA>: 
str@strailsas.com 8.8.2017 15:46:0 saOspeedMatch.reiniciaLicencias(): Reiniciando Licencias
str@strailsas.com 8.8.2017 15:46:0 saOspeedMatch.borrarLicencia(): Borrando Licencias (FingersMatcher) 
str@strailsas.com 8.8.2017 15:46:0 saOspeedMatch.cargarLicencia(): Cargando Licencia (FingersMatcher) 
str@strailsas.com 8.8.2017 15:46:0 saOspeedMatch.cargarLicencia(): (FingersMatcher) licencias OK (SingleComputerLicense:VFMatcher)
str@strailsas.com 8.8.2017 15:46:0 cifxConfig.bleerArchCargaPrtros: Cargando archivo configuracion: appbots.conf
str@strailsas.com 8.8.2017 15:46:0 TURBO ACTIVADO!!!!
str@strailsas.com 8.8.2017 15:46:0 saSpeedMatch.saSpeedMatch(): NUM REGISTROS POR HILO (HUELLA): 3500
str@strailsas.com 8.8.2017 15:46:0 saSpeedMatch.saSpeedMatch(): NUM HILOS (HUELLA): 15
str@strailsas.com 8.8.2017 15:46:0 saOspeedMatch.inicializarMatcher(): CARGANDO MATCHER
str@strailsas.com 8.8.2017 15:46:0 saOspeedMatch.inicializarMatcher(): MATCHER CARGADA (OK)
str@strailsas.com 8.8.2017 15:46:0 cifxConfig.bleerArchCargaPrtros: Cargando archivo configuracion: appbots.conf
str@strailsas.com 8.8.2017 15:46:0 (HUELLA) RecordDB.cargaParametrosConf(): INICIO CARGA DE PARAMETROS
str@strailsas.com 8.8.2017 15:46:0 (HUELLA) RecordDB.cargaParametrosConf(): FIN CARGA DE PARAMETROS
str@strailsas.com 8.8.2017 15:46:0 (HUELLA)RecordDB(): CARGANDO BIOMETRIAS ... INICIANDO EN:52501
str@strailsas.com 8.8.2017 15:46:6 saOspeedMatch.inicializarMatcher(): CARGANDO MATCHER
str@strailsas.com 8.8.2017 15:46:6 saOspeedMatch.inicializarMatcher(): MATCHER CARGADA (OK)
str@strailsas.com 8.8.2017 15:46:7 saOspeedMatch.inicializarMatcher(): CARGANDO MATCHER
str@strailsas.com 8.8.2017 15:46:7 saOspeedMatch.inicializarMatcher(): MATCHER CARGADA (OK)
str@strailsas.com 8.8.2017 15:46:7 saOspeedMatch.inicializarMatcher(): CARGANDO MATCHER
str@strailsas.com 8.8.2017 15:46:7 saOspeedMatch.inicializarMatcher(): MATCHER CARGADA (OK)
str@strailsas.com 8.8.2017 15:46:7 saOspeedMatch.inicializarMatcher(): CARGANDO MATCHER
str@strailsas.com 8.8.2017 15:46:7 saOspeedMatch.inicializarMatcher(): MATCHER CARGADA (OK)
str@strailsas.com 8.8.2017 15:46:7 saOspeedMatch.inicializarMatcher(): CARGANDO MATCHER
str@strailsas.com 8.8.2017 15:46:7 saOspeedMatch.inicializarMatcher(): MATCHER CARGADA (OK)
str@strailsas.com 8.8.2017 15:46:7 saOspeedMatch.inicializarMatcher(): CARGANDO MATCHER
str@strailsas.com 8.8.2017 15:46:8 saOspeedMatch.inicializarMatcher(): MATCHER CARGADA (OK)
str@strailsas.com 8.8.2017 15:46:8 saOspeedMatch.inicializarMatcher(): CARGANDO MATCHER
str@strailsas.com 8.8.2017 15:46:8 saOspeedMatch.inicializarMatcher(): MATCHER CARGADA (OK)
str@strailsas.com 8.8.2017 15:46:8 saOspeedMatch.inicializarMatcher(): CARGANDO MATCHER
str@strailsas.com 8.8.2017 15:46:8 saOspeedMatch.inicializarMatcher(): MATCHER CARGADA (OK)
str@strailsas.com 8.8.2017 15:46:8 saOspeedMatch.inicializarMatcher(): CARGANDO MATCHER
str@strailsas.com 8.8.2017 15:46:8 saOspeedMatch.inicializarMatcher(): MATCHER CARGADA (OK)
str@strailsas.com 8.8.2017 15:46:8 saOspeedMatch.inicializarMatcher(): CARGANDO MATCHER
str@strailsas.com 8.8.2017 15:46:9 saOspeedMatch.inicializarMatcher(): MATCHER CARGADA (OK)
str@strailsas.com 8.8.2017 15:46:9 saOspeedMatch.inicializarMatcher(): CARGANDO MATCHER
str@strailsas.com 8.8.2017 15:46:9 saOspeedMatch.inicializarMatcher(): MATCHER CARGADA (OK)
str@strailsas.com 8.8.2017 15:46:9 saOspeedMatch.inicializarMatcher(): CARGANDO MATCHER
str@strailsas.com 8.8.2017 15:46:9 saOspeedMatch.inicializarMatcher(): MATCHER CARGADA (OK)
str@strailsas.com 8.8.2017 15:46:9 saOspeedMatch.inicializarMatcher(): CARGANDO MATCHER
str@strailsas.com 8.8.2017 15:46:9 saOspeedMatch.inicializarMatcher(): MATCHER CARGADA (OK)
str@strailsas.com 8.8.2017 15:46:10 saOspeedMatch.inicializarMatcher(): CARGANDO MATCHER
str@strailsas.com 8.8.2017 15:46:10 saOspeedMatch.inicializarMatcher(): MATCHER CARGADA (OK)
str@strailsas.com 8.8.2017 15:46:11 (HUELLA)RecordDB(): 
BIOMETRIAS CARGADAS ... HASTA:52500
str@strailsas.com 8.8.2017 15:46:11 (HUELLA)RecordDB(): BIOMETRIAS CARGADAS + INICIO ... TOTAL:105001
str@strailsas.com 8.8.2017 15:46:11 (HUELLA)RecordDB(): BIOMETRIAS ESPERADAS:105000
str@strailsas.com 8.8.2017 15:46:11 ______________________________________________________________________________
str@strailsas.com 8.8.2017 15:46:11 BioRostro.setMatchingTreshold(): (ROSTRO) Asignando (90) a setFaceMatchingThreshold: 
str@strailsas.com 8.8.2017 15:46:11 BioHuella.setMatchingTreshold(): (HUELLA) Asignando (90) a setFingerMatchingThreshold: 
str@strailsas.com 8.8.2017 15:46:11 ______________________________________________________________________________
str@strailsas.com 8.8.2017 15:46:11 AppBots.main: TimeOut en: 0
str@strailsas.com 8.8.2017 15:46:11 AppBots.main(): Sistema Operativo: Windows Server 2008 R2
str@strailsas.com 8.8.2017 15:46:11 ______________________________________________________________________________
str@strailsas.com 8.8.2017 15:46:11 C:\Users\fenixadmin
str@strailsas.com 8.8.2017 15:46:11 C:\Fenix\Fenix\AppBots1
str@strailsas.com 8.8.2017 15:46:11 ______________________________________________________________________________
str@strailsas.com 8.8.2017 15:46:11 AppBots.main(): SERVIDOR appBots VERSION 1.9.31b
str@strailsas.com 8.8.2017 15:46:11 AppBots.main(): SERVIDOR appBots OK
str@strailsas.com 8.8.2017 15:46:11 ______________________________________________________________________________
str@strailsas.com 8.8.2017 15:46:11 ______________________________________________________________________________
str@strailsas.com 8.8.2017 15:46:33 cifxConfig.bleerArchCargaPrtros: Cargando archivo configuracion: appbots.conf
str@strailsas.com 8.8.2017 15:46:33 ______________________________________________________________________________
str@strailsas.com 8.8.2017 15:46:33 AppBots.main(): INICIANDO appBots en el Puerto: 3101
str@strailsas.com 8.8.2017 15:46:33 ______________________________________________________________________________
str@strailsas.com 8.8.2017 15:46:33 AppBots.Rangos: --------------------------------------------------------------
str@strailsas.com 8.8.2017 15:46:33 AppBots.Rangos: INICIO HUELLAS: 52501
str@strailsas.com 8.8.2017 15:46:33 AppBots.Rangos: FINAL HUELLAS: 105000
str@strailsas.com 8.8.2017 15:46:33 AppBots.Rangos: --------------------------------------------------------------
str@strailsas.com 8.8.2017 15:46:33 AppBots.Rangos: INICIO ROSTROS: 301
str@strailsas.com 8.8.2017 15:46:33 AppBots.Rangos: FINAL ROSTROS: 600
str@strailsas.com 8.8.2017 15:46:33 AppBots.Rangos: --------------------------------------------------------------
str@strailsas.com 8.8.2017 15:46:33 ______________________________________________________________________________
str@strailsas.com 8.8.2017 15:46:33 AppBots.Licenciamiento: Cargando Licencias de <ROSTRO>: 3101
str@strailsas.com 8.8.2017 15:46:33 saOspeedMatch.reiniciaLicencias(): Reiniciando Licencias
str@strailsas.com 8.8.2017 15:46:33 saOspeedMatch.borrarLicencia(): Borrando Licencias (FacesMatcher) 
str@strailsas.com 8.8.2017 15:46:33 saOspeedMatch.cargarLicencia(): Cargando Licencia (FacesMatcher) 
str@strailsas.com 8.8.2017 15:46:33 saOspeedMatch.cargarLicencia(): (FacesMatcher) licencias OK (SingleComputerLicense:VLMatcher)
str@strailsas.com 8.8.2017 15:46:33 cifxConfig.bleerArchCargaPrtros: Cargando archivo configuracion: appbots.conf
str@strailsas.com 8.8.2017 15:46:33 TURBO ACTIVADO!!!!
str@strailsas.com 8.8.2017 15:46:33 saSpeedMatch.saSpeedMatch(): NUM REGISTROS POR HILO(ROSTRO): 100
str@strailsas.com 8.8.2017 15:46:33 saSpeedMatch.saSpeedMatch(): NUM HILOS: (ROSTRO)3
str@strailsas.com 8.8.2017 15:46:33 saOspeedMatch.inicializarMatcher(): CARGANDO MATCHER
str@strailsas.com 8.8.2017 15:46:33 saOspeedMatch.inicializarMatcher(): MATCHER CARGADA (OK)
str@strailsas.com 8.8.2017 15:46:33 cifxConfig.bleerArchCargaPrtros: Cargando archivo configuracion: appbots.conf
str@strailsas.com 8.8.2017 15:46:33 (ROSTRO) RecordDB.cargaParametrosConf(): INICIO CARGA DE PARAMETROS
str@strailsas.com 8.8.2017 15:46:33 (ROSTRO) RecordDB.cargaParametrosConf(): FIN CARGA DE PARAMETROS
str@strailsas.com 8.8.2017 15:46:33 (ROSTRO)RecordDB(): CARGANDO BIOMETRIAS ... INICIANDO EN:301
str@strailsas.com 8.8.2017 15:46:35 saOspeedMatch.inicializarMatcher(): CARGANDO MATCHER
str@strailsas.com 8.8.2017 15:46:35 saOspeedMatch.inicializarMatcher(): MATCHER CARGADA (OK)
str@strailsas.com 8.8.2017 15:46:37 saOspeedMatch.inicializarMatcher(): CARGANDO MATCHER
str@strailsas.com 8.8.2017 15:46:37 saOspeedMatch.inicializarMatcher(): MATCHER CARGADA (OK)
str@strailsas.com 8.8.2017 15:46:37 (ROSTRO)RecordDB(): 
BIOMETRIAS CARGADAS ... HASTA:300
str@strailsas.com 8.8.2017 15:46:37 (ROSTRO)RecordDB(): BIOMETRIAS CARGADAS + INICIO ... TOTAL:601
str@strailsas.com 8.8.2017 15:46:37 (ROSTRO)RecordDB(): BIOMETRIAS ESPERADAS:600
str@strailsas.com 8.8.2017 15:46:37 ______________________________________________________________________________
str@strailsas.com 8.8.2017 15:46:37 ______________________________________________________________________________
str@strailsas.com 8.8.2017 15:46:37 AppBots.Licenciamiento: Cargando Licencias de <HUELLA>: 
str@strailsas.com 8.8.2017 15:46:37 saOspeedMatch.reiniciaLicencias(): Reiniciando Licencias
str@strailsas.com 8.8.2017 15:46:37 saOspeedMatch.borrarLicencia(): Borrando Licencias (FingersMatcher) 
str@strailsas.com 8.8.2017 15:46:37 saOspeedMatch.cargarLicencia(): Cargando Licencia (FingersMatcher) 
str@strailsas.com 8.8.2017 15:46:37 saOspeedMatch.cargarLicencia(): (FingersMatcher) licencias OK (SingleComputerLicense:VFMatcher)
str@strailsas.com 8.8.2017 15:46:37 cifxConfig.bleerArchCargaPrtros: Cargando archivo configuracion: appbots.conf
str@strailsas.com 8.8.2017 15:46:37 TURBO ACTIVADO!!!!
str@strailsas.com 8.8.2017 15:46:37 saSpeedMatch.saSpeedMatch(): NUM REGISTROS POR HILO (HUELLA): 3500
str@strailsas.com 8.8.2017 15:46:37 saSpeedMatch.saSpeedMatch(): NUM HILOS (HUELLA): 15
str@strailsas.com 8.8.2017 15:46:37 saOspeedMatch.inicializarMatcher(): CARGANDO MATCHER
str@strailsas.com 8.8.2017 15:46:37 saOspeedMatch.inicializarMatcher(): MATCHER CARGADA (OK)
str@strailsas.com 8.8.2017 15:46:37 cifxConfig.bleerArchCargaPrtros: Cargando archivo configuracion: appbots.conf
str@strailsas.com 8.8.2017 15:46:37 (HUELLA) RecordDB.cargaParametrosConf(): INICIO CARGA DE PARAMETROS
str@strailsas.com 8.8.2017 15:46:37 (HUELLA) RecordDB.cargaParametrosConf(): FIN CARGA DE PARAMETROS
str@strailsas.com 8.8.2017 15:46:37 (HUELLA)RecordDB(): CARGANDO BIOMETRIAS ... INICIANDO EN:52501
str@strailsas.com 8.8.2017 15:47:29 saOspeedMatch.inicializarMatcher(): CARGANDO MATCHER
str@strailsas.com 8.8.2017 15:47:29 saOspeedMatch.inicializarMatcher(): MATCHER CARGADA (OK)
str@strailsas.com 8.8.2017 15:47:34 saOspeedMatch.inicializarMatcher(): CARGANDO MATCHER
str@strailsas.com 8.8.2017 15:47:34 saOspeedMatch.inicializarMatcher(): MATCHER CARGADA (OK)
str@strailsas.com 8.8.2017 15:47:40 saOspeedMatch.inicializarMatcher(): CARGANDO MATCHER
str@strailsas.com 8.8.2017 15:47:40 saOspeedMatch.inicializarMatcher(): MATCHER CARGADA (OK)
str@strailsas.com 8.8.2017 15:47:44 saOspeedMatch.inicializarMatcher(): CARGANDO MATCHER
str@strailsas.com 8.8.2017 15:47:44 saOspeedMatch.inicializarMatcher(): MATCHER CARGADA (OK)
str@strailsas.com 8.8.2017 15:47:48 saOspeedMatch.inicializarMatcher(): CARGANDO MATCHER
str@strailsas.com 8.8.2017 15:47:48 saOspeedMatch.inicializarMatcher(): MATCHER CARGADA (OK)
str@strailsas.com 8.8.2017 15:47:50 saOspeedMatch.inicializarMatcher(): CARGANDO MATCHER
str@strailsas.com 8.8.2017 15:47:50 saOspeedMatch.inicializarMatcher(): MATCHER CARGADA (OK)
str@strailsas.com 8.8.2017 15:47:54 saOspeedMatch.inicializarMatcher(): CARGANDO MATCHER
str@strailsas.com 8.8.2017 15:47:54 saOspeedMatch.inicializarMatcher(): MATCHER CARGADA (OK)
str@strailsas.com 8.8.2017 15:47:57 saOspeedMatch.inicializarMatcher(): CARGANDO MATCHER
str@strailsas.com 8.8.2017 15:47:57 saOspeedMatch.inicializarMatcher(): MATCHER CARGADA (OK)
str@strailsas.com 8.8.2017 15:48:0 saOspeedMatch.inicializarMatcher(): CARGANDO MATCHER
str@strailsas.com 8.8.2017 15:48:0 saOspeedMatch.inicializarMatcher(): MATCHER CARGADA (OK)
str@strailsas.com 8.8.2017 15:48:3 saOspeedMatch.inicializarMatcher(): CARGANDO MATCHER
str@strailsas.com 8.8.2017 15:48:3 saOspeedMatch.inicializarMatcher(): ERROR : Out of memory
str@strailsas.com 8.8.2017 15:48:6 saOspeedMatch.inicializarMatcher(): CARGANDO MATCHER
str@strailsas.com 8.8.2017 15:48:6 saOspeedMatch.inicializarMatcher(): ERROR : Out of memory
str@strailsas.com 8.8.2017 15:48:8 saOspeedMatch.inicializarMatcher(): CARGANDO MATCHER
str@strailsas.com 8.8.2017 15:48:8 saOspeedMatch.inicializarMatcher(): ERROR : Out of memory
str@strailsas.com 8.8.2017 15:48:10 saOspeedMatch.inicializarMatcher(): CARGANDO MATCHER
str@strailsas.com 8.8.2017 15:48:10 saOspeedMatch.inicializarMatcher(): ERROR : Out of memory
str@strailsas.com 8.8.2017 15:48:13 saOspeedMatch.inicializarMatcher(): CARGANDO MATCHER
str@strailsas.com 8.8.2017 15:48:13 saOspeedMatch.inicializarMatcher(): ERROR : Out of memory
str@strailsas.com 8.8.2017 15:48:16 (HUELLA)RecordDB(): 
BIOMETRIAS CARGADAS ... HASTA:52500
str@strailsas.com 8.8.2017 15:48:16 (HUELLA)RecordDB(): BIOMETRIAS CARGADAS + INICIO ... TOTAL:105001
str@strailsas.com 8.8.2017 15:48:16 (HUELLA)RecordDB(): BIOMETRIAS ESPERADAS:105000
str@strailsas.com 8.8.2017 15:48:16 BioHuella.BioHuella(): (HUELLA) ERROR 2: Out of memory
str@strailsas.com 8.8.2017 15:48:16 ______________________________________________________________________________
str@strailsas.com 8.8.2017 15:48:16 BioRostro.setMatchingTreshold(): (ROSTRO) Asignando (90) a setFaceMatchingThreshold: 
str@strailsas.com 8.8.2017 15:48:16 BioHuella.setMatchingTreshold(): (HUELLA) Asignando (90) a setFingerMatchingThreshold: 
str@strailsas.com 8.8.2017 15:48:16 ______________________________________________________________________________
str@strailsas.com 8.8.2017 15:48:16 AppBots.main: TimeOut en: 0
str@strailsas.com 8.8.2017 15:48:16 AppBots.main(): Sistema Operativo: Windows Server 2008 R2
str@strailsas.com 8.8.2017 15:48:16 ______________________________________________________________________________
str@strailsas.com 8.8.2017 15:48:16 C:\Users\fenixadmin
str@strailsas.com 8.8.2017 15:48:16 C:\Fenix\Fenix\AppBots1
str@strailsas.com 8.8.2017 15:48:16 ______________________________________________________________________________
str@strailsas.com 8.8.2017 15:48:16 AppBots.main(): SERVIDOR appBots VERSION 1.9.31b
str@strailsas.com 8.8.2017 15:48:16 AppBots.main(): SERVIDOR appBots OK
str@strailsas.com 8.8.2017 15:48:16 ______________________________________________________________________________
str@strailsas.com 8.8.2017 15:48:16 caServidor.run(): ERROR No puedo abrir el puerto :3101
str@strailsas.com 8.8.2017 15:48:16 ______________________________________________________________________________
str@strailsas.com 8.8.2017 15:48:16 caServidor.run(): ERROR IOException :Address already in use: JVM_Bind
