str@strailsas.com 14.9.2017 16:53:30 cifxConfig.bleerArchCargaPrtros: Cargando archivo configuracion: appbots.conf
str@strailsas.com 14.9.2017 16:53:30 ______________________________________________________________________________
str@strailsas.com 14.9.2017 16:53:30 AppBots.main(): INICIANDO appBots en el Puerto: 3101
str@strailsas.com 14.9.2017 16:53:30 ______________________________________________________________________________
str@strailsas.com 14.9.2017 16:53:30 AppBots.Rangos: --------------------------------------------------------------
str@strailsas.com 14.9.2017 16:53:30 AppBots.Rangos: INICIO HUELLAS: 52501
str@strailsas.com 14.9.2017 16:53:30 AppBots.Rangos: FINAL HUELLAS: 105000
str@strailsas.com 14.9.2017 16:53:30 AppBots.Rangos: --------------------------------------------------------------
str@strailsas.com 14.9.2017 16:53:30 AppBots.Rangos: INICIO ROSTROS: 301
str@strailsas.com 14.9.2017 16:53:30 AppBots.Rangos: FINAL ROSTROS: 600
str@strailsas.com 14.9.2017 16:53:30 AppBots.Rangos: --------------------------------------------------------------
str@strailsas.com 14.9.2017 16:53:30 ______________________________________________________________________________
str@strailsas.com 14.9.2017 16:53:30 AppBots.Licenciamiento: Cargando Licencias de <ROSTRO>: 3101
str@strailsas.com 14.9.2017 16:53:30 saOspeedMatch.reiniciaLicencias(): Reiniciando Licencias
str@strailsas.com 14.9.2017 16:53:30 saOspeedMatch.borrarLicencia(): Borrando Licencias (FacesMatcher) 
str@strailsas.com 14.9.2017 16:53:31 saOspeedMatch.cargarLicencia(): Cargando Licencia (FacesMatcher) 
str@strailsas.com 14.9.2017 16:53:31 saOspeedMatch.cargarLicencia(): (FacesMatcher) (ERROR 4) No puedo obtener las licencias  (SingleComputerLicense:VLMatcher)
str@strailsas.com 14.9.2017 16:53:31 cifxConfig.bleerArchCargaPrtros: Cargando archivo configuracion: appbots.conf
str@strailsas.com 14.9.2017 16:53:31 TURBO ACTIVADO!!!!
str@strailsas.com 14.9.2017 16:53:31 saSpeedMatch.saSpeedMatch(): NUM REGISTROS POR HILO(ROSTRO): 100
str@strailsas.com 14.9.2017 16:53:31 saSpeedMatch.saSpeedMatch(): NUM HILOS: (ROSTRO)3
str@strailsas.com 14.9.2017 16:53:31 saOspeedMatch.inicializarMatcher(): CARGANDO MATCHER
str@strailsas.com 14.9.2017 16:53:31 saOspeedMatch.inicializarMatcher(): MATCHER CARGADA (OK)
str@strailsas.com 14.9.2017 16:53:31 cifxConfig.bleerArchCargaPrtros: Cargando archivo configuracion: appbots.conf
str@strailsas.com 14.9.2017 16:53:32 (ROSTRO) RecordDB.cargaParametrosConf(): INICIO CARGA DE PARAMETROS
str@strailsas.com 14.9.2017 16:53:32 (ROSTRO) RecordDB.cargaParametrosConf(): FIN CARGA DE PARAMETROS
str@strailsas.com 14.9.2017 16:53:32 (ROSTRO)RecordDB(): CARGANDO BIOMETRIAS ... INICIANDO EN:301
str@strailsas.com 14.9.2017 16:53:33 saOspeedMatch.inicializarMatcher(): CARGANDO MATCHER
str@strailsas.com 14.9.2017 16:53:33 saOspeedMatch.inicializarMatcher(): MATCHER CARGADA (OK)
str@strailsas.com 14.9.2017 16:53:34 saOspeedMatch.inicializarMatcher(): CARGANDO MATCHER
str@strailsas.com 14.9.2017 16:53:34 saOspeedMatch.inicializarMatcher(): MATCHER CARGADA (OK)
str@strailsas.com 14.9.2017 16:53:34 (ROSTRO)RecordDB(): 
BIOMETRIAS CARGADAS ... HASTA:300
str@strailsas.com 14.9.2017 16:53:34 (ROSTRO)RecordDB(): BIOMETRIAS CARGADAS + INICIO ... TOTAL:601
str@strailsas.com 14.9.2017 16:53:34 (ROSTRO)RecordDB(): BIOMETRIAS ESPERADAS:600
str@strailsas.com 14.9.2017 16:53:34 ______________________________________________________________________________
str@strailsas.com 14.9.2017 16:53:34 ______________________________________________________________________________
str@strailsas.com 14.9.2017 16:53:34 AppBots.Licenciamiento: Cargando Licencias de <HUELLA>: 
str@strailsas.com 14.9.2017 16:53:34 saOspeedMatch.reiniciaLicencias(): Reiniciando Licencias
str@strailsas.com 14.9.2017 16:53:34 saOspeedMatch.borrarLicencia(): Borrando Licencias (FingersMatcher) 
str@strailsas.com 14.9.2017 16:53:34 saOspeedMatch.cargarLicencia(): Cargando Licencia (FingersMatcher) 
str@strailsas.com 14.9.2017 16:53:34 saOspeedMatch.cargarLicencia(): (FingersMatcher) (ERROR 4) No puedo obtener las licencias  (SingleComputerLicense:VFMatcher)
str@strailsas.com 14.9.2017 16:53:34 cifxConfig.bleerArchCargaPrtros: Cargando archivo configuracion: appbots.conf
str@strailsas.com 14.9.2017 16:53:34 TURBO ACTIVADO!!!!
str@strailsas.com 14.9.2017 16:53:34 saSpeedMatch.saSpeedMatch(): NUM REGISTROS POR HILO (HUELLA): 3500
str@strailsas.com 14.9.2017 16:53:34 saSpeedMatch.saSpeedMatch(): NUM HILOS (HUELLA): 15
str@strailsas.com 14.9.2017 16:53:34 saOspeedMatch.inicializarMatcher(): CARGANDO MATCHER
str@strailsas.com 14.9.2017 16:53:34 saOspeedMatch.inicializarMatcher(): MATCHER CARGADA (OK)
str@strailsas.com 14.9.2017 16:53:34 cifxConfig.bleerArchCargaPrtros: Cargando archivo configuracion: appbots.conf
str@strailsas.com 14.9.2017 16:53:34 (HUELLA) RecordDB.cargaParametrosConf(): INICIO CARGA DE PARAMETROS
str@strailsas.com 14.9.2017 16:53:34 (HUELLA) RecordDB.cargaParametrosConf(): FIN CARGA DE PARAMETROS
str@strailsas.com 14.9.2017 16:53:34 (HUELLA)RecordDB(): CARGANDO BIOMETRIAS ... INICIANDO EN:52501
str@strailsas.com 14.9.2017 16:53:35 saOspeedMatch.inicializarMatcher(): CARGANDO MATCHER
str@strailsas.com 14.9.2017 16:53:35 saOspeedMatch.inicializarMatcher(): MATCHER CARGADA (OK)
str@strailsas.com 14.9.2017 16:53:36 saOspeedMatch.inicializarMatcher(): CARGANDO MATCHER
str@strailsas.com 14.9.2017 16:53:36 saOspeedMatch.inicializarMatcher(): MATCHER CARGADA (OK)
str@strailsas.com 14.9.2017 16:53:36 saOspeedMatch.inicializarMatcher(): CARGANDO MATCHER
str@strailsas.com 14.9.2017 16:53:36 saOspeedMatch.inicializarMatcher(): MATCHER CARGADA (OK)
str@strailsas.com 14.9.2017 16:53:37 saOspeedMatch.inicializarMatcher(): CARGANDO MATCHER
str@strailsas.com 14.9.2017 16:53:37 saOspeedMatch.inicializarMatcher(): MATCHER CARGADA (OK)
str@strailsas.com 14.9.2017 16:53:38 saOspeedMatch.inicializarMatcher(): CARGANDO MATCHER
str@strailsas.com 14.9.2017 16:53:38 saOspeedMatch.inicializarMatcher(): MATCHER CARGADA (OK)
str@strailsas.com 14.9.2017 16:53:39 saOspeedMatch.inicializarMatcher(): CARGANDO MATCHER
str@strailsas.com 14.9.2017 16:53:39 saOspeedMatch.inicializarMatcher(): MATCHER CARGADA (OK)
str@strailsas.com 14.9.2017 16:53:39 saOspeedMatch.inicializarMatcher(): CARGANDO MATCHER
str@strailsas.com 14.9.2017 16:53:40 saOspeedMatch.inicializarMatcher(): MATCHER CARGADA (OK)
str@strailsas.com 14.9.2017 16:53:40 saOspeedMatch.inicializarMatcher(): CARGANDO MATCHER
str@strailsas.com 14.9.2017 16:53:40 saOspeedMatch.inicializarMatcher(): MATCHER CARGADA (OK)
str@strailsas.com 14.9.2017 16:53:41 saOspeedMatch.inicializarMatcher(): CARGANDO MATCHER
str@strailsas.com 14.9.2017 16:53:41 saOspeedMatch.inicializarMatcher(): MATCHER CARGADA (OK)
str@strailsas.com 14.9.2017 16:53:41 saOspeedMatch.inicializarMatcher(): CARGANDO MATCHER
str@strailsas.com 14.9.2017 16:53:42 saOspeedMatch.inicializarMatcher(): MATCHER CARGADA (OK)
str@strailsas.com 14.9.2017 16:53:42 saOspeedMatch.inicializarMatcher(): CARGANDO MATCHER
str@strailsas.com 14.9.2017 16:53:42 saOspeedMatch.inicializarMatcher(): MATCHER CARGADA (OK)
str@strailsas.com 14.9.2017 16:53:48 saOspeedMatch.inicializarMatcher(): CARGANDO MATCHER
str@strailsas.com 14.9.2017 16:53:48 saOspeedMatch.inicializarMatcher(): MATCHER CARGADA (OK)
str@strailsas.com 14.9.2017 16:53:56 saOspeedMatch.inicializarMatcher(): CARGANDO MATCHER
str@strailsas.com 14.9.2017 16:53:56 saOspeedMatch.inicializarMatcher(): MATCHER CARGADA (OK)
str@strailsas.com 14.9.2017 16:54:3 saOspeedMatch.inicializarMatcher(): CARGANDO MATCHER
str@strailsas.com 14.9.2017 16:54:3 saOspeedMatch.inicializarMatcher(): MATCHER CARGADA (OK)
str@strailsas.com 14.9.2017 16:54:6 (HUELLA)RecordDB(): 
BIOMETRIAS CARGADAS ... HASTA:52500
str@strailsas.com 14.9.2017 16:54:6 (HUELLA)RecordDB(): BIOMETRIAS CARGADAS + INICIO ... TOTAL:105001
str@strailsas.com 14.9.2017 16:54:6 (HUELLA)RecordDB(): BIOMETRIAS ESPERADAS:105000
str@strailsas.com 14.9.2017 16:54:6 ______________________________________________________________________________
str@strailsas.com 14.9.2017 16:54:6 BioRostro.setMatchingTreshold(): (ROSTRO) Asignando (90) a setFaceMatchingThreshold: 
str@strailsas.com 14.9.2017 16:54:6 BioHuella.setMatchingTreshold(): (HUELLA) Asignando (90) a setFingerMatchingThreshold: 
str@strailsas.com 14.9.2017 16:54:6 ______________________________________________________________________________
str@strailsas.com 14.9.2017 16:54:6 AppBots.main: TimeOut en: 0
str@strailsas.com 14.9.2017 16:54:6 AppBots.main(): Sistema Operativo: Windows Server 2008 R2
str@strailsas.com 14.9.2017 16:54:6 ______________________________________________________________________________
str@strailsas.com 14.9.2017 16:54:6 C:\Users\fenixadmin
str@strailsas.com 14.9.2017 16:54:6 C:\Fenix\Fenix\AppBots1
str@strailsas.com 14.9.2017 16:54:6 ______________________________________________________________________________
str@strailsas.com 14.9.2017 16:54:6 AppBots.main(): SERVIDOR appBots VERSION 1.9.31b
str@strailsas.com 14.9.2017 16:54:6 AppBots.main(): SERVIDOR appBots OK
str@strailsas.com 14.9.2017 16:54:6 ______________________________________________________________________________
str@strailsas.com 14.9.2017 16:54:6 ______________________________________________________________________________
