str@strailsas.com 14.9.2017 17:5:11 cifxConfig.bleerArchCargaPrtros: Cargando archivo configuracion: appbots.conf
str@strailsas.com 14.9.2017 17:5:11 ______________________________________________________________________________
str@strailsas.com 14.9.2017 17:5:11 AppBots.main(): INICIANDO appBots en el Puerto: 3101
str@strailsas.com 14.9.2017 17:5:11 ______________________________________________________________________________
str@strailsas.com 14.9.2017 17:5:11 AppBots.Rangos: --------------------------------------------------------------
str@strailsas.com 14.9.2017 17:5:11 AppBots.Rangos: INICIO HUELLAS: 52501
str@strailsas.com 14.9.2017 17:5:11 AppBots.Rangos: FINAL HUELLAS: 105000
str@strailsas.com 14.9.2017 17:5:11 AppBots.Rangos: --------------------------------------------------------------
str@strailsas.com 14.9.2017 17:5:11 AppBots.Rangos: INICIO ROSTROS: 301
str@strailsas.com 14.9.2017 17:5:11 AppBots.Rangos: FINAL ROSTROS: 600
str@strailsas.com 14.9.2017 17:5:11 AppBots.Rangos: --------------------------------------------------------------
str@strailsas.com 14.9.2017 17:5:11 ______________________________________________________________________________
str@strailsas.com 14.9.2017 17:5:11 AppBots.Licenciamiento: Cargando Licencias de <ROSTRO>: 3101
str@strailsas.com 14.9.2017 17:5:11 saOspeedMatch.reiniciaLicencias(): Reiniciando Licencias
str@strailsas.com 14.9.2017 17:5:11 saOspeedMatch.borrarLicencia(): Borrando Licencias (FacesMatcher) 
str@strailsas.com 14.9.2017 17:5:12 saOspeedMatch.cargarLicencia(): Cargando Licencia (FacesMatcher) 
str@strailsas.com 14.9.2017 17:5:12 saOspeedMatch.cargarLicencia(): (FacesMatcher) licencias OK (SingleComputerLicense:VLMatcher)
str@strailsas.com 14.9.2017 17:5:12 cifxConfig.bleerArchCargaPrtros: Cargando archivo configuracion: appbots.conf
str@strailsas.com 14.9.2017 17:5:12 TURBO ACTIVADO!!!!
str@strailsas.com 14.9.2017 17:5:12 saSpeedMatch.saSpeedMatch(): NUM REGISTROS POR HILO(ROSTRO): 100
str@strailsas.com 14.9.2017 17:5:12 saSpeedMatch.saSpeedMatch(): NUM HILOS: (ROSTRO)3
str@strailsas.com 14.9.2017 17:5:12 saOspeedMatch.inicializarMatcher(): CARGANDO MATCHER
str@strailsas.com 14.9.2017 17:5:12 saOspeedMatch.inicializarMatcher(): MATCHER CARGADA (OK)
str@strailsas.com 14.9.2017 17:5:12 cifxConfig.bleerArchCargaPrtros: Cargando archivo configuracion: appbots.conf
str@strailsas.com 14.9.2017 17:5:12 (ROSTRO) RecordDB.cargaParametrosConf(): INICIO CARGA DE PARAMETROS
str@strailsas.com 14.9.2017 17:5:12 (ROSTRO) RecordDB.cargaParametrosConf(): FIN CARGA DE PARAMETROS
str@strailsas.com 14.9.2017 17:5:13 (ROSTRO)RecordDB(): CARGANDO BIOMETRIAS ... INICIANDO EN:301
str@strailsas.com 14.9.2017 17:5:13 saOspeedMatch.inicializarMatcher(): CARGANDO MATCHER
str@strailsas.com 14.9.2017 17:5:13 saOspeedMatch.inicializarMatcher(): MATCHER CARGADA (OK)
str@strailsas.com 14.9.2017 17:5:14 saOspeedMatch.inicializarMatcher(): CARGANDO MATCHER
str@strailsas.com 14.9.2017 17:5:14 saOspeedMatch.inicializarMatcher(): MATCHER CARGADA (OK)
str@strailsas.com 14.9.2017 17:5:14 (ROSTRO)RecordDB(): 
BIOMETRIAS CARGADAS ... HASTA:300
str@strailsas.com 14.9.2017 17:5:14 (ROSTRO)RecordDB(): BIOMETRIAS CARGADAS + INICIO ... TOTAL:601
str@strailsas.com 14.9.2017 17:5:14 (ROSTRO)RecordDB(): BIOMETRIAS ESPERADAS:600
str@strailsas.com 14.9.2017 17:5:14 ______________________________________________________________________________
str@strailsas.com 14.9.2017 17:5:14 ______________________________________________________________________________
str@strailsas.com 14.9.2017 17:5:14 AppBots.Licenciamiento: Cargando Licencias de <HUELLA>: 
str@strailsas.com 14.9.2017 17:5:14 saOspeedMatch.reiniciaLicencias(): Reiniciando Licencias
str@strailsas.com 14.9.2017 17:5:14 saOspeedMatch.borrarLicencia(): Borrando Licencias (FingersMatcher) 
str@strailsas.com 14.9.2017 17:5:14 saOspeedMatch.cargarLicencia(): Cargando Licencia (FingersMatcher) 
str@strailsas.com 14.9.2017 17:5:14 saOspeedMatch.cargarLicencia(): (FingersMatcher) licencias OK (SingleComputerLicense:VFMatcher)
str@strailsas.com 14.9.2017 17:5:14 cifxConfig.bleerArchCargaPrtros: Cargando archivo configuracion: appbots.conf
str@strailsas.com 14.9.2017 17:5:14 TURBO ACTIVADO!!!!
str@strailsas.com 14.9.2017 17:5:14 saSpeedMatch.saSpeedMatch(): NUM REGISTROS POR HILO (HUELLA): 3500
str@strailsas.com 14.9.2017 17:5:14 saSpeedMatch.saSpeedMatch(): NUM HILOS (HUELLA): 15
str@strailsas.com 14.9.2017 17:5:14 saOspeedMatch.inicializarMatcher(): CARGANDO MATCHER
str@strailsas.com 14.9.2017 17:5:14 saOspeedMatch.inicializarMatcher(): MATCHER CARGADA (OK)
str@strailsas.com 14.9.2017 17:5:14 cifxConfig.bleerArchCargaPrtros: Cargando archivo configuracion: appbots.conf
str@strailsas.com 14.9.2017 17:5:14 (HUELLA) RecordDB.cargaParametrosConf(): INICIO CARGA DE PARAMETROS
str@strailsas.com 14.9.2017 17:5:14 (HUELLA) RecordDB.cargaParametrosConf(): FIN CARGA DE PARAMETROS
str@strailsas.com 14.9.2017 17:5:14 (HUELLA)RecordDB(): CARGANDO BIOMETRIAS ... INICIANDO EN:52501
str@strailsas.com 14.9.2017 17:5:26 saOspeedMatch.inicializarMatcher(): CARGANDO MATCHER
str@strailsas.com 14.9.2017 17:5:26 saOspeedMatch.inicializarMatcher(): MATCHER CARGADA (OK)
str@strailsas.com 14.9.2017 17:5:38 saOspeedMatch.inicializarMatcher(): CARGANDO MATCHER
str@strailsas.com 14.9.2017 17:5:38 saOspeedMatch.inicializarMatcher(): MATCHER CARGADA (OK)
str@strailsas.com 14.9.2017 17:5:47 saOspeedMatch.inicializarMatcher(): CARGANDO MATCHER
str@strailsas.com 14.9.2017 17:5:47 saOspeedMatch.inicializarMatcher(): MATCHER CARGADA (OK)
str@strailsas.com 14.9.2017 17:5:53 saOspeedMatch.inicializarMatcher(): CARGANDO MATCHER
str@strailsas.com 14.9.2017 17:5:53 saOspeedMatch.inicializarMatcher(): MATCHER CARGADA (OK)
str@strailsas.com 14.9.2017 17:6:0 saOspeedMatch.inicializarMatcher(): CARGANDO MATCHER
str@strailsas.com 14.9.2017 17:6:0 saOspeedMatch.inicializarMatcher(): MATCHER CARGADA (OK)
str@strailsas.com 14.9.2017 17:6:7 saOspeedMatch.inicializarMatcher(): CARGANDO MATCHER
str@strailsas.com 14.9.2017 17:6:7 saOspeedMatch.inicializarMatcher(): MATCHER CARGADA (OK)
str@strailsas.com 14.9.2017 17:6:13 saOspeedMatch.inicializarMatcher(): CARGANDO MATCHER
str@strailsas.com 14.9.2017 17:6:13 saOspeedMatch.inicializarMatcher(): MATCHER CARGADA (OK)
str@strailsas.com 14.9.2017 17:6:20 saOspeedMatch.inicializarMatcher(): CARGANDO MATCHER
str@strailsas.com 14.9.2017 17:6:20 saOspeedMatch.inicializarMatcher(): MATCHER CARGADA (OK)
str@strailsas.com 14.9.2017 17:6:27 saOspeedMatch.inicializarMatcher(): CARGANDO MATCHER
str@strailsas.com 14.9.2017 17:6:27 saOspeedMatch.inicializarMatcher(): MATCHER CARGADA (OK)
str@strailsas.com 14.9.2017 17:6:35 saOspeedMatch.inicializarMatcher(): CARGANDO MATCHER
str@strailsas.com 14.9.2017 17:6:35 saOspeedMatch.inicializarMatcher(): MATCHER CARGADA (OK)
str@strailsas.com 14.9.2017 17:6:41 saOspeedMatch.inicializarMatcher(): CARGANDO MATCHER
str@strailsas.com 14.9.2017 17:6:41 saOspeedMatch.inicializarMatcher(): ERROR : Out of memory
str@strailsas.com 14.9.2017 17:6:46 saOspeedMatch.inicializarMatcher(): CARGANDO MATCHER
str@strailsas.com 14.9.2017 17:6:46 saOspeedMatch.inicializarMatcher(): ERROR : Out of memory
str@strailsas.com 14.9.2017 17:6:51 saOspeedMatch.inicializarMatcher(): CARGANDO MATCHER
str@strailsas.com 14.9.2017 17:6:51 saOspeedMatch.inicializarMatcher(): ERROR : Out of memory
str@strailsas.com 14.9.2017 17:6:57 saOspeedMatch.inicializarMatcher(): CARGANDO MATCHER
str@strailsas.com 14.9.2017 17:6:57 saOspeedMatch.inicializarMatcher(): ERROR : Out of memory
str@strailsas.com 14.9.2017 17:7:2 (HUELLA)RecordDB(): 
BIOMETRIAS CARGADAS ... HASTA:52500
str@strailsas.com 14.9.2017 17:7:2 (HUELLA)RecordDB(): BIOMETRIAS CARGADAS + INICIO ... TOTAL:105001
str@strailsas.com 14.9.2017 17:7:2 (HUELLA)RecordDB(): BIOMETRIAS ESPERADAS:105000
str@strailsas.com 14.9.2017 17:7:2 BioHuella.BioHuella(): (HUELLA) ERROR 2: Out of memory
str@strailsas.com 14.9.2017 17:7:2 ______________________________________________________________________________
str@strailsas.com 14.9.2017 17:7:2 BioRostro.setMatchingTreshold(): (ROSTRO) Asignando (90) a setFaceMatchingThreshold: 
str@strailsas.com 14.9.2017 17:7:2 BioHuella.setMatchingTreshold(): (HUELLA) Asignando (90) a setFingerMatchingThreshold: 
str@strailsas.com 14.9.2017 17:7:2 ______________________________________________________________________________
str@strailsas.com 14.9.2017 17:7:2 AppBots.main: TimeOut en: 0
str@strailsas.com 14.9.2017 17:7:2 AppBots.main(): Sistema Operativo: Windows Server 2008 R2
str@strailsas.com 14.9.2017 17:7:2 ______________________________________________________________________________
str@strailsas.com 14.9.2017 17:7:2 C:\Users\fenixadmin
str@strailsas.com 14.9.2017 17:7:2 C:\Fenix\Fenix\AppBots1
str@strailsas.com 14.9.2017 17:7:2 ______________________________________________________________________________
str@strailsas.com 14.9.2017 17:7:2 AppBots.main(): SERVIDOR appBots VERSION 1.9.31b
str@strailsas.com 14.9.2017 17:7:2 AppBots.main(): SERVIDOR appBots OK
str@strailsas.com 14.9.2017 17:7:2 ______________________________________________________________________________
str@strailsas.com 14.9.2017 17:7:2 ______________________________________________________________________________
