ifx@ifxV13 5.4.2018 10:32:20 cifxConfig.bleerArchCargaPrtros: Cargando archivo configuracion: appbots.conf
ifx@ifxV13 5.4.2018 10:32:20 AppBots.main(): INICIANDO appBots en el Puerto: 3101
ifx@ifxV13 5.4.2018 10:32:20 AppBots.Rangos: --------------------------------------------------------------
ifx@ifxV13 5.4.2018 10:32:20 AppBots.Rangos: INICIO HUELLAS: 52501
ifx@ifxV13 5.4.2018 10:32:20 AppBots.Rangos: FINAL HUELLAS: 105000
ifx@ifxV13 5.4.2018 10:32:20 AppBots.Rangos: INICIO ROSTROS: 301
ifx@ifxV13 5.4.2018 10:32:20 AppBots.Rangos: FINAL ROSTROS: 600
ifx@ifxV13 5.4.2018 10:32:20 AppBots.Rangos: --------------------------------------------------------------
ifx@ifxV13 5.4.2018 10:32:20 AppBots.Licenciamiento: Cargando Licencias de Rostro: 3101
ifx@ifxV13 6.4.2018 8:50:59 cifxConfig.bleerArchCargaPrtros: Cargando archivo configuracion: appbots.conf
ifx@ifxV13 6.4.2018 8:50:59 AppBots.main(): INICIANDO appBots en el Puerto: 3101
ifx@ifxV13 6.4.2018 8:50:59 AppBots.Rangos: --------------------------------------------------------------
ifx@ifxV13 6.4.2018 8:50:59 AppBots.Rangos: INICIO HUELLAS: 52501
ifx@ifxV13 6.4.2018 8:50:59 AppBots.Rangos: FINAL HUELLAS: 105000
ifx@ifxV13 6.4.2018 8:50:59 AppBots.Rangos: INICIO ROSTROS: 301
ifx@ifxV13 6.4.2018 8:50:59 AppBots.Rangos: FINAL ROSTROS: 600
ifx@ifxV13 6.4.2018 8:50:59 AppBots.Rangos: --------------------------------------------------------------
ifx@ifxV13 6.4.2018 8:50:59 AppBots.Licenciamiento: Cargando Licencias de Rostro: 3101
ifx@ifxV13 18.4.2018 3:9:52 cifxConfig.bleerArchCargaPrtros: Cargando archivo configuracion: appbots.conf
ifx@ifxV13 18.4.2018 3:9:53 AppBots.main(): INICIANDO appBots en el Puerto: 3101
ifx@ifxV13 18.4.2018 3:9:53 AppBots.Rangos: --------------------------------------------------------------
ifx@ifxV13 18.4.2018 3:9:53 AppBots.Rangos: INICIO HUELLAS: 52501
ifx@ifxV13 18.4.2018 3:9:53 AppBots.Rangos: FINAL HUELLAS: 105000
ifx@ifxV13 18.4.2018 3:9:53 AppBots.Rangos: INICIO ROSTROS: 301
ifx@ifxV13 18.4.2018 3:9:53 AppBots.Rangos: FINAL ROSTROS: 600
ifx@ifxV13 18.4.2018 3:9:53 AppBots.Rangos: --------------------------------------------------------------
ifx@ifxV13 18.4.2018 3:9:53 AppBots.Licenciamiento: Cargando Licencias de Rostro: 3101
ifx@ifxV13 18.7.2018 2:6:14 cifxConfig.bleerArchCargaPrtros: Cargando archivo configuracion: appbots.conf
ifx@ifxV13 18.7.2018 2:6:14 AppBots.main(): INICIANDO appBots en el Puerto: 3101
ifx@ifxV13 18.7.2018 2:6:15 AppBots.Rangos: --------------------------------------------------------------
ifx@ifxV13 18.7.2018 2:6:15 AppBots.Rangos: INICIO HUELLAS: 52501
ifx@ifxV13 18.7.2018 2:6:15 AppBots.Rangos: FINAL HUELLAS: 105000
ifx@ifxV13 18.7.2018 2:6:15 AppBots.Rangos: INICIO ROSTROS: 301
ifx@ifxV13 18.7.2018 2:6:15 AppBots.Rangos: FINAL ROSTROS: 600
ifx@ifxV13 18.7.2018 2:6:15 AppBots.Rangos: --------------------------------------------------------------
ifx@ifxV13 18.7.2018 2:6:15 AppBots.Licenciamiento: Cargando Licencias de Rostro: 3101
ifx@ifxV13 18.7.2018 3:11:12 cifxConfig.bleerArchCargaPrtros: Cargando archivo configuracion: appbots.conf
ifx@ifxV13 18.7.2018 3:11:12 AppBots.main(): INICIANDO appBots en el Puerto: 3101
ifx@ifxV13 18.7.2018 3:11:12 AppBots.Rangos: --------------------------------------------------------------
ifx@ifxV13 18.7.2018 3:11:12 AppBots.Rangos: INICIO HUELLAS: 52501
ifx@ifxV13 18.7.2018 3:11:12 AppBots.Rangos: FINAL HUELLAS: 105000
ifx@ifxV13 18.7.2018 3:11:12 AppBots.Rangos: INICIO ROSTROS: 301
ifx@ifxV13 18.7.2018 3:11:12 AppBots.Rangos: FINAL ROSTROS: 600
ifx@ifxV13 18.7.2018 3:11:12 AppBots.Rangos: --------------------------------------------------------------
ifx@ifxV13 18.7.2018 3:11:12 AppBots.Licenciamiento: Cargando Licencias de Rostro: 3101
